<?xml version="1.0" encoding="UTF-8" ?>
<project name="">
	<nodetypes>
	</nodetypes>
	<behaviortrees>
		<behaviortree name="New Tree" description="" uid="0">
			<behaviornode name="Selector" description="A collection of behaviors which are launched in order, until one succeeds (only fails if all fails)" nodetype="[selector]" >
			</behaviornode>
		</behaviortree>
	</behaviortrees> 
</project>